Performing C SOURCE FILE Test CMAKE_HAVE_LIBC_PTHREAD failed with the following output:
Change Dir: /home/xjtlu/catkin_ws/build/CMakeFiles/CMakeTmp

Run Build Command(s):/usr/bin/make cmTC_53e9a/fast && /usr/bin/make -f CMakeFiles/cmTC_53e9a.dir/build.make CMakeFiles/cmTC_53e9a.dir/build
make[1]: Entering directory '/home/xjtlu/catkin_ws/build/CMakeFiles/CMakeTmp'
Building C object CMakeFiles/cmTC_53e9a.dir/src.c.o
/usr/bin/cc   -DCMAKE_HAVE_LIBC_PTHREAD   -o CMakeFiles/cmTC_53e9a.dir/src.c.o   -c /home/xjtlu/catkin_ws/build/CMakeFiles/CMakeTmp/src.c
Linking C executable cmTC_53e9a
/usr/bin/cmake -E cmake_link_script CMakeFiles/cmTC_53e9a.dir/link.txt --verbose=1
/usr/bin/cc  -DCMAKE_HAVE_LIBC_PTHREAD    -rdynamic CMakeFiles/cmTC_53e9a.dir/src.c.o  -o cmTC_53e9a 
/usr/bin/ld: CMakeFiles/cmTC_53e9a.dir/src.c.o: in function `main':
src.c:(.text+0x46): undefined reference to `pthread_create'
/usr/bin/ld: src.c:(.text+0x52): undefined reference to `pthread_detach'
/usr/bin/ld: src.c:(.text+0x63): undefined reference to `pthread_join'
collect2: error: ld returned 1 exit status
make[1]: *** [CMakeFiles/cmTC_53e9a.dir/build.make:87: cmTC_53e9a] Error 1
make[1]: Leaving directory '/home/xjtlu/catkin_ws/build/CMakeFiles/CMakeTmp'
make: *** [Makefile:121: cmTC_53e9a/fast] Error 2


Source file was:
#include <pthread.h>

void* test_func(void* data)
{
  return data;
}

int main(void)
{
  pthread_t thread;
  pthread_create(&thread, NULL, test_func, NULL);
  pthread_detach(thread);
  pthread_join(thread, NULL);
  pthread_atfork(NULL, NULL, NULL);
  pthread_exit(NULL);

  return 0;
}

Determining if the function pthread_create exists in the pthreads failed with the following output:
Change Dir: /home/xjtlu/catkin_ws/build/CMakeFiles/CMakeTmp

Run Build Command(s):/usr/bin/make cmTC_94935/fast && /usr/bin/make -f CMakeFiles/cmTC_94935.dir/build.make CMakeFiles/cmTC_94935.dir/build
make[1]: Entering directory '/home/xjtlu/catkin_ws/build/CMakeFiles/CMakeTmp'
Building C object CMakeFiles/cmTC_94935.dir/CheckFunctionExists.c.o
/usr/bin/cc   -DCHECK_FUNCTION_EXISTS=pthread_create   -o CMakeFiles/cmTC_94935.dir/CheckFunctionExists.c.o   -c /usr/share/cmake-3.16/Modules/CheckFunctionExists.c
Linking C executable cmTC_94935
/usr/bin/cmake -E cmake_link_script CMakeFiles/cmTC_94935.dir/link.txt --verbose=1
/usr/bin/cc  -DCHECK_FUNCTION_EXISTS=pthread_create    -rdynamic CMakeFiles/cmTC_94935.dir/CheckFunctionExists.c.o  -o cmTC_94935  -lpthreads 
/usr/bin/ld: cannot find -lpthreads
collect2: error: ld returned 1 exit status
make[1]: *** [CMakeFiles/cmTC_94935.dir/build.make:87: cmTC_94935] Error 1
make[1]: Leaving directory '/home/xjtlu/catkin_ws/build/CMakeFiles/CMakeTmp'
make: *** [Makefile:121: cmTC_94935/fast] Error 2



Determining if the function sgemm_ exists failed with the following output:
Change Dir: /home/xjtlu/catkin_ws/build/CMakeFiles/CMakeTmp

Run Build Command(s):/usr/bin/make cmTC_42ada/fast && /usr/bin/make -f CMakeFiles/cmTC_42ada.dir/build.make CMakeFiles/cmTC_42ada.dir/build
make[1]: Entering directory '/home/xjtlu/catkin_ws/build/CMakeFiles/CMakeTmp'
Building C object CMakeFiles/cmTC_42ada.dir/CheckFunctionExists.c.o
/usr/bin/cc   -DCHECK_FUNCTION_EXISTS=sgemm_   -o CMakeFiles/cmTC_42ada.dir/CheckFunctionExists.c.o   -c /usr/share/cmake-3.16/Modules/CheckFunctionExists.c
Linking C executable cmTC_42ada
/usr/bin/cmake -E cmake_link_script CMakeFiles/cmTC_42ada.dir/link.txt --verbose=1
/usr/bin/cc  -DCHECK_FUNCTION_EXISTS=sgemm_    -rdynamic CMakeFiles/cmTC_42ada.dir/CheckFunctionExists.c.o  -o cmTC_42ada 
/usr/bin/ld: CMakeFiles/cmTC_42ada.dir/CheckFunctionExists.c.o: in function `main':
CheckFunctionExists.c:(.text+0x14): undefined reference to `sgemm_'
collect2: error: ld returned 1 exit status
make[1]: *** [CMakeFiles/cmTC_42ada.dir/build.make:87: cmTC_42ada] Error 1
make[1]: Leaving directory '/home/xjtlu/catkin_ws/build/CMakeFiles/CMakeTmp'
make: *** [Makefile:121: cmTC_42ada/fast] Error 2



Determining if the function cheev_ exists failed with the following output:
Change Dir: /home/xjtlu/catkin_ws/build/CMakeFiles/CMakeTmp

Run Build Command(s):/usr/bin/make cmTC_40002/fast && /usr/bin/make -f CMakeFiles/cmTC_40002.dir/build.make CMakeFiles/cmTC_40002.dir/build
make[1]: Entering directory '/home/xjtlu/catkin_ws/build/CMakeFiles/CMakeTmp'
Building C object CMakeFiles/cmTC_40002.dir/CheckFunctionExists.c.o
/usr/bin/cc   -DCHECK_FUNCTION_EXISTS=cheev_   -o CMakeFiles/cmTC_40002.dir/CheckFunctionExists.c.o   -c /usr/share/cmake-3.16/Modules/CheckFunctionExists.c
Linking C executable cmTC_40002
/usr/bin/cmake -E cmake_link_script CMakeFiles/cmTC_40002.dir/link.txt --verbose=1
/usr/bin/cc  -DCHECK_FUNCTION_EXISTS=cheev_    -rdynamic CMakeFiles/cmTC_40002.dir/CheckFunctionExists.c.o  -o cmTC_40002  /usr/lib/x86_64-linux-gnu/libblas.so 
/usr/bin/ld: CMakeFiles/cmTC_40002.dir/CheckFunctionExists.c.o: in function `main':
CheckFunctionExists.c:(.text+0x14): undefined reference to `cheev_'
collect2: error: ld returned 1 exit status
make[1]: *** [CMakeFiles/cmTC_40002.dir/build.make:88: cmTC_40002] Error 1
make[1]: Leaving directory '/home/xjtlu/catkin_ws/build/CMakeFiles/CMakeTmp'
make: *** [Makefile:121: cmTC_40002/fast] Error 2



